<?xml version="1.0" encoding="UTF-8" ?>
<testsuite tests="3" failures="0" name="de.ihrigb.fwla.mail.ReceivingMessageHandlerTest" time="0.863" errors="0" skipped="0">
  <properties>
[...]
</properties>
  <testcase classname="de.ihrigb.fwla.mail.ReceivingMessageHandlerTest" name="testHandleSenderAccepted" time="0.862"/>
  <testcase classname="de.ihrigb.fwla.mail.ReceivingMessageHandlerTest" name="testHandleNoAddress" time="0.001"/>
  <testcase classname="de.ihrigb.fwla.mail.ReceivingMessageHandlerTest" name="testHandleSenderRejected" time="0"/>
</testsuite>